-------------------------------------------------------------------------------
Test set: TestSuite
-------------------------------------------------------------------------------
Tests run: 6, Failures: 1, Errors: 0, Skipped: 5, Time elapsed: 0.756 s <<< FAILURE! - in TestSuite
init(testcases.PlaceOrderTest)  Time elapsed: 0.465 s  <<< FAILURE!
java.io.FileNotFoundException: /Users/krishnasakinala/eclipse-workspace/git/POM_November2018Batch/POM_November2018Batch/src/main/resources/TestData.xlsx (No such file or directory)

